

Started GET "/" for 127.0.0.1 at 2013-11-10 04:19:02 -0500

ActiveRecord::PendingMigrationError (Migrations are pending; run 'rake db:migrate RAILS_ENV=development' to resolve this issue.):
  activerecord (4.0.0) lib/active_record/migration.rb:379:in `check_pending!'
  activerecord (4.0.0) lib/active_record/migration.rb:366:in `call'
  actionpack (4.0.0) lib/action_dispatch/middleware/callbacks.rb:29:in `block in call'
  activesupport (4.0.0) lib/active_support/callbacks.rb:373:in `_run__1980842973149110448__call__callbacks'
  activesupport (4.0.0) lib/active_support/callbacks.rb:80:in `run_callbacks'
  actionpack (4.0.0) lib/action_dispatch/middleware/callbacks.rb:27:in `call'
  actionpack (4.0.0) lib/action_dispatch/middleware/reloader.rb:64:in `call'
  actionpack (4.0.0) lib/action_dispatch/middleware/remote_ip.rb:76:in `call'
  actionpack (4.0.0) lib/action_dispatch/middleware/debug_exceptions.rb:17:in `call'
  actionpack (4.0.0) lib/action_dispatch/middleware/show_exceptions.rb:30:in `call'
  railties (4.0.0) lib/rails/rack/logger.rb:38:in `call_app'
  railties (4.0.0) lib/rails/rack/logger.rb:21:in `block in call'
  activesupport (4.0.0) lib/active_support/tagged_logging.rb:67:in `block in tagged'
  activesupport (4.0.0) lib/active_support/tagged_logging.rb:25:in `tagged'
  activesupport (4.0.0) lib/active_support/tagged_logging.rb:67:in `tagged'
  railties (4.0.0) lib/rails/rack/logger.rb:21:in `call'
  actionpack (4.0.0) lib/action_dispatch/middleware/request_id.rb:21:in `call'
  rack (1.5.2) lib/rack/methodoverride.rb:21:in `call'
  rack (1.5.2) lib/rack/runtime.rb:17:in `call'
  activesupport (4.0.0) lib/active_support/cache/strategy/local_cache.rb:83:in `call'
  rack (1.5.2) lib/rack/lock.rb:17:in `call'
  actionpack (4.0.0) lib/action_dispatch/middleware/static.rb:64:in `call'
  railties (4.0.0) lib/rails/engine.rb:511:in `call'
  railties (4.0.0) lib/rails/application.rb:97:in `call'
  rack (1.5.2) lib/rack/lock.rb:17:in `call'
  rack (1.5.2) lib/rack/content_length.rb:14:in `call'
  rack (1.5.2) lib/rack/handler/webrick.rb:60:in `service'
  /Users/harrysanabria/.rvm/rubies/ruby-2.0.0-p247/lib/ruby/2.0.0/webrick/httpserver.rb:138:in `service'
  /Users/harrysanabria/.rvm/rubies/ruby-2.0.0-p247/lib/ruby/2.0.0/webrick/httpserver.rb:94:in `run'
  /Users/harrysanabria/.rvm/rubies/ruby-2.0.0-p247/lib/ruby/2.0.0/webrick/server.rb:295:in `block in start_thread'


  Rendered /Users/harrysanabria/.rvm/gems/ruby-2.0.0-p247/gems/actionpack-4.0.0/lib/action_dispatch/middleware/templates/rescues/_source.erb (0.6ms)
  Rendered /Users/harrysanabria/.rvm/gems/ruby-2.0.0-p247/gems/actionpack-4.0.0/lib/action_dispatch/middleware/templates/rescues/_trace.erb (1.6ms)
  Rendered /Users/harrysanabria/.rvm/gems/ruby-2.0.0-p247/gems/actionpack-4.0.0/lib/action_dispatch/middleware/templates/rescues/_request_and_response.erb (1.5ms)
  Rendered /Users/harrysanabria/.rvm/gems/ruby-2.0.0-p247/gems/actionpack-4.0.0/lib/action_dispatch/middleware/templates/rescues/diagnostics.erb within rescues/layout (27.2ms)
  [1m[36m (21.2ms)[0m  [1mCREATE TABLE "schema_migrations" ("version" varchar(255) NOT NULL) [0m
  [1m[35m (2.5ms)[0m  CREATE UNIQUE INDEX "unique_schema_migrations" ON "schema_migrations" ("version")
  [1m[36mActiveRecord::SchemaMigration Load (0.2ms)[0m  [1mSELECT "schema_migrations".* FROM "schema_migrations"[0m
Migrating to CreatePayments (20131109)
  [1m[35m (0.1ms)[0m  begin transaction
  [1m[36m (0.7ms)[0m  [1mCREATE TABLE "payments" ("id" INTEGER PRIMARY KEY AUTOINCREMENT NOT NULL, "user_id" integer, "payment_id" integer, "part" integer, "created_at" datetime, "updated_at" datetime) [0m
  [1m[35mSQL (0.3ms)[0m  INSERT INTO "schema_migrations" ("version") VALUES (?)  [["version", "20131109"]]
  [1m[36m (3.1ms)[0m  [1mcommit transaction[0m
Migrating to CreateUsers (20131109043654)
  [1m[35m (0.1ms)[0m  begin transaction
  [1m[36m (1.0ms)[0m  [1mCREATE TABLE "users" ("id" INTEGER PRIMARY KEY AUTOINCREMENT NOT NULL, "username" varchar(255), "name" varchar(255), "password_hash" varchar(255), "password_salt" varchar(255), "created_at" datetime, "updated_at" datetime) [0m
  [1m[35mSQL (0.2ms)[0m  INSERT INTO "schema_migrations" ("version") VALUES (?)  [["version", "20131109043654"]]
  [1m[36m (2.0ms)[0m  [1mcommit transaction[0m
Migrating to CreatePurchases (20131109071900)
  [1m[35m (0.1ms)[0m  begin transaction
  [1m[36m (0.4ms)[0m  [1mCREATE TABLE "purchases" ("id" INTEGER PRIMARY KEY AUTOINCREMENT NOT NULL, "title" varchar(255), "price" decimal, "invited_group" varchar(255), "created_at" datetime, "updated_at" datetime) [0m
  [1m[35mSQL (0.1ms)[0m  INSERT INTO "schema_migrations" ("version") VALUES (?)  [["version", "20131109071900"]]
  [1m[36m (2.5ms)[0m  [1mcommit transaction[0m
Migrating to ChangeUserTableForFacebookAuth (20131109072626)
  [1m[35m (0.1ms)[0m  begin transaction
  [1m[36m (0.4ms)[0m  [1mCREATE TEMPORARY TABLE "ausers" ("id" INTEGER PRIMARY KEY AUTOINCREMENT NOT NULL, "username" varchar(255), "name" varchar(255), "password_hash" varchar(255), "password_salt" varchar(255), "created_at" datetime, "updated_at" datetime) [0m
  [1m[35m (0.1ms)[0m  SELECT * FROM "users"
  [1m[36m (0.2ms)[0m  [1mDROP TABLE "users"[0m
  [1m[35m (0.2ms)[0m  CREATE TABLE "users" ("id" INTEGER PRIMARY KEY AUTOINCREMENT NOT NULL, "username" varchar(255), "name" varchar(255), "password_salt" varchar(255), "created_at" datetime, "updated_at" datetime) 
  [1m[36m (0.1ms)[0m  [1mSELECT * FROM "ausers"[0m
  [1m[35m (0.4ms)[0m  DROP TABLE "ausers"
  [1m[36m (0.2ms)[0m  [1mCREATE TEMPORARY TABLE "ausers" ("id" INTEGER PRIMARY KEY AUTOINCREMENT NOT NULL, "username" varchar(255), "name" varchar(255), "password_salt" varchar(255), "created_at" datetime, "updated_at" datetime) [0m
  [1m[35m (0.0ms)[0m  SELECT * FROM "users"
  [1m[36m (0.3ms)[0m  [1mDROP TABLE "users"[0m
  [1m[35m (0.1ms)[0m  CREATE TABLE "users" ("id" INTEGER PRIMARY KEY AUTOINCREMENT NOT NULL, "username" varchar(255), "name" varchar(255), "created_at" datetime, "updated_at" datetime) 
  [1m[36m (0.1ms)[0m  [1mSELECT * FROM "ausers"[0m
  [1m[35m (0.1ms)[0m  DROP TABLE "ausers"
  [1m[36m (0.1ms)[0m  [1mALTER TABLE "users" ADD "oauth_token" varchar(255)[0m
  [1m[35m (0.1ms)[0m  ALTER TABLE "users" ADD "provider" varchar(255)
  [1m[36m (0.1ms)[0m  [1mALTER TABLE "users" ADD "uid" varchar(255)[0m
  [1m[35m (0.1ms)[0m  ALTER TABLE "users" ADD "oauth_expires_at" datetime
  [1m[36mSQL (0.2ms)[0m  [1mINSERT INTO "schema_migrations" ("version") VALUES (?)[0m  [["version", "20131109072626"]]
  [1m[35m (2.6ms)[0m  commit transaction
Migrating to AddDescriptionToPurchases (20131109080703)
  [1m[36m (0.2ms)[0m  [1mbegin transaction[0m
  [1m[35m (0.6ms)[0m  ALTER TABLE "purchases" ADD "description" text
  [1m[36mSQL (0.2ms)[0m  [1mINSERT INTO "schema_migrations" ("version") VALUES (?)[0m  [["version", "20131109080703"]]
  [1m[35m (2.4ms)[0m  commit transaction
Migrating to AddDeadlineToPurchases (20131109080738)
  [1m[36m (0.2ms)[0m  [1mbegin transaction[0m
  [1m[35m (0.8ms)[0m  ALTER TABLE "purchases" ADD "deadline" text
  [1m[36mSQL (0.2ms)[0m  [1mINSERT INTO "schema_migrations" ("version") VALUES (?)[0m  [["version", "20131109080738"]]
  [1m[35m (2.6ms)[0m  commit transaction
Migrating to FixTypoInPayments (20131109085630)
  [1m[36m (0.1ms)[0m  [1mbegin transaction[0m
  [1m[35m (0.4ms)[0m  CREATE TEMPORARY TABLE "apayments" ("id" INTEGER PRIMARY KEY AUTOINCREMENT NOT NULL, "user_id" integer, "payment_id" integer, "part" integer, "created_at" datetime, "updated_at" datetime) 
  [1m[36m (0.1ms)[0m  [1mSELECT * FROM "payments"[0m
  [1m[35m (0.3ms)[0m  DROP TABLE "payments"
  [1m[36m (0.2ms)[0m  [1mCREATE TABLE "payments" ("id" INTEGER PRIMARY KEY AUTOINCREMENT NOT NULL, "user_id" integer, "part" integer, "created_at" datetime, "updated_at" datetime) [0m
  [1m[35m (0.1ms)[0m  SELECT * FROM "apayments"
  [1m[36m (0.1ms)[0m  [1mDROP TABLE "apayments"[0m
  [1m[35m (0.3ms)[0m  ALTER TABLE "payments" ADD "purchase_id" integer
  [1m[36mSQL (0.2ms)[0m  [1mINSERT INTO "schema_migrations" ("version") VALUES (?)[0m  [["version", "20131109085630"]]
  [1m[35m (2.1ms)[0m  commit transaction
Migrating to AddFieldsToPayments (20131109194230)
  [1m[36m (0.1ms)[0m  [1mbegin transaction[0m
  [1m[35m (0.2ms)[0m  CREATE TEMPORARY TABLE "apayments" ("id" INTEGER PRIMARY KEY AUTOINCREMENT NOT NULL, "user_id" integer, "part" integer, "created_at" datetime, "updated_at" datetime, "purchase_id" integer) 
  [1m[36m (0.2ms)[0m  [1mSELECT * FROM "payments"[0m
  [1m[35m (0.3ms)[0m  DROP TABLE "payments"
  [1m[36m (0.1ms)[0m  [1mCREATE TABLE "payments" ("id" INTEGER PRIMARY KEY AUTOINCREMENT NOT NULL, "user_id" integer, "created_at" datetime, "updated_at" datetime, "purchase_id" integer) [0m
  [1m[35m (0.1ms)[0m  SELECT * FROM "apayments"
  [1m[36m (0.1ms)[0m  [1mDROP TABLE "apayments"[0m
  [1m[35m (0.1ms)[0m  ALTER TABLE "payments" ADD "price" decimal
  [1m[36m (0.1ms)[0m  [1mALTER TABLE "payments" ADD "description" text[0m
  [1m[35mSQL (0.1ms)[0m  INSERT INTO "schema_migrations" ("version") VALUES (?)  [["version", "20131109194230"]]
  [1m[36m (2.8ms)[0m  [1mcommit transaction[0m
Migrating to AddMinPriceToPurchases (20131109195151)
  [1m[35m (0.1ms)[0m  begin transaction
  [1m[36m (0.2ms)[0m  [1mCREATE TEMPORARY TABLE "apurchases" ("id" INTEGER PRIMARY KEY AUTOINCREMENT NOT NULL, "title" varchar(255), "price" decimal, "invited_group" varchar(255), "created_at" datetime, "updated_at" datetime, "description" text, "deadline" text) [0m
  [1m[35m (0.1ms)[0m  SELECT * FROM "purchases"
  [1m[36m (0.2ms)[0m  [1mDROP TABLE "purchases"[0m
  [1m[35m (0.1ms)[0m  CREATE TABLE "purchases" ("id" INTEGER PRIMARY KEY AUTOINCREMENT NOT NULL, "title" varchar(255), "invited_group" varchar(255), "created_at" datetime, "updated_at" datetime, "description" text, "deadline" text) 
  [1m[36m (0.1ms)[0m  [1mSELECT * FROM "apurchases"[0m
  [1m[35m (0.1ms)[0m  DROP TABLE "apurchases"
  [1m[36m (0.1ms)[0m  [1mALTER TABLE "purchases" ADD "min_price" decimal[0m
  [1m[35m (0.1ms)[0m  ALTER TABLE "purchases" ADD "current_total_price" decimal
  [1m[36mSQL (0.1ms)[0m  [1mINSERT INTO "schema_migrations" ("version") VALUES (?)[0m  [["version", "20131109195151"]]
  [1m[35m (2.3ms)[0m  commit transaction
Migrating to AddUserIdToPurchases (20131109223721)
  [1m[36m (0.1ms)[0m  [1mbegin transaction[0m
  [1m[35m (0.4ms)[0m  ALTER TABLE "purchases" ADD "user_id" integer
  [1m[36mSQL (0.2ms)[0m  [1mINSERT INTO "schema_migrations" ("version") VALUES (?)[0m  [["version", "20131109223721"]]
  [1m[35m (1.7ms)[0m  commit transaction
Migrating to ChangeInvitedGroupToGroup (20131109233243)
  [1m[36m (0.1ms)[0m  [1mbegin transaction[0m
  [1m[35m (0.3ms)[0m  CREATE TEMPORARY TABLE "apurchases" ("id" INTEGER PRIMARY KEY AUTOINCREMENT NOT NULL, "title" varchar(255), "invited_group" varchar(255), "created_at" datetime, "updated_at" datetime, "description" text, "deadline" text, "min_price" decimal, "current_total_price" decimal, "user_id" integer) 
  [1m[36m (0.1ms)[0m  [1mSELECT * FROM "purchases"[0m
  [1m[35m (0.3ms)[0m  DROP TABLE "purchases"
  [1m[36m (0.1ms)[0m  [1mCREATE TABLE "purchases" ("id" INTEGER PRIMARY KEY AUTOINCREMENT NOT NULL, "title" varchar(255), "created_at" datetime, "updated_at" datetime, "description" text, "deadline" text, "min_price" decimal, "current_total_price" decimal, "user_id" integer) [0m
  [1m[35m (0.1ms)[0m  SELECT * FROM "apurchases"
  [1m[36m (0.1ms)[0m  [1mDROP TABLE "apurchases"[0m
  [1m[35m (0.2ms)[0m  ALTER TABLE "purchases" ADD "group" varchar(255)
  [1m[36mSQL (0.1ms)[0m  [1mINSERT INTO "schema_migrations" ("version") VALUES (?)[0m  [["version", "20131109233243"]]
  [1m[35m (2.6ms)[0m  commit transaction
Migrating to CreateVenmos (20131110011908)
  [1m[36m (0.1ms)[0m  [1mbegin transaction[0m
  [1m[35m (0.4ms)[0m  CREATE TABLE "venmos" ("id" INTEGER PRIMARY KEY AUTOINCREMENT NOT NULL, "user_id" integer, "username" varchar(255), "venmo_id" varchar(255), "refresh_code" varchar(255), "token" varchar(255), "created_at" datetime, "updated_at" datetime) 
  [1m[36mSQL (0.1ms)[0m  [1mINSERT INTO "schema_migrations" ("version") VALUES (?)[0m  [["version", "20131110011908"]]
  [1m[35m (2.4ms)[0m  commit transaction
Migrating to AddProfileImageUrlToUsersTable (20131110024025)
  [1m[36m (0.1ms)[0m  [1mbegin transaction[0m
  [1m[35m (0.4ms)[0m  ALTER TABLE "users" ADD "image_url" varchar(255)
  [1m[36mSQL (0.1ms)[0m  [1mINSERT INTO "schema_migrations" ("version") VALUES (?)[0m  [["version", "20131110024025"]]
  [1m[35m (1.4ms)[0m  commit transaction
Migrating to AddStateToPurchases (20131110025413)
  [1m[36m (0.1ms)[0m  [1mbegin transaction[0m
  [1m[35m (0.4ms)[0m  ALTER TABLE "purchases" ADD "state" integer
  [1m[36mSQL (0.1ms)[0m  [1mINSERT INTO "schema_migrations" ("version") VALUES (?)[0m  [["version", "20131110025413"]]
  [1m[35m (1.5ms)[0m  commit transaction
  [1m[36mActiveRecord::SchemaMigration Load (0.2ms)[0m  [1mSELECT "schema_migrations".* FROM "schema_migrations"[0m


Started GET "/" for 127.0.0.1 at 2013-11-10 04:19:20 -0500
  [1m[36mActiveRecord::SchemaMigration Load (0.2ms)[0m  [1mSELECT "schema_migrations".* FROM "schema_migrations"[0m
Processing by SessionsController#new as HTML
  [1m[35mUser Load (0.3ms)[0m  SELECT "users".* FROM "users" WHERE "users"."id" = 3 LIMIT 1
  Rendered sessions/new.html.erb within layouts/application (30.6ms)
  [1m[36mCACHE (0.0ms)[0m  [1mSELECT "users".* FROM "users" WHERE "users"."id" = 3 LIMIT 1[0m
Completed 200 OK in 71ms (Views: 43.6ms | ActiveRecord: 0.7ms)


Started GET "/assets/application.css" for 127.0.0.1 at 2013-11-10 04:19:20 -0500


Started GET "/assets/application.js" for 127.0.0.1 at 2013-11-10 04:19:20 -0500


Started GET "/auth/facebook" for 127.0.0.1 at 2013-11-10 04:19:22 -0500
(facebook) Request phase initiated.


Started GET "/auth/facebook" for 127.0.0.1 at 2013-11-10 04:19:22 -0500
(facebook) Request phase initiated.
